0 info it worked if it ends with ok
1 verbose cli [ 'node', '/usr/local/bin/npm', 'install', '-g', 'express' ]
2 info using npm@1.4.28
3 info using node@v0.10.33
4 verbose cache add [ 'express', null ]
5 verbose cache add name=undefined spec="express" args=["express",null]
6 verbose parsed url { protocol: null,
6 verbose parsed url   slashes: null,
6 verbose parsed url   auth: null,
6 verbose parsed url   host: null,
6 verbose parsed url   port: null,
6 verbose parsed url   hostname: null,
6 verbose parsed url   hash: null,
6 verbose parsed url   search: null,
6 verbose parsed url   query: null,
6 verbose parsed url   pathname: 'express',
6 verbose parsed url   path: 'express',
6 verbose parsed url   href: 'express' }
7 silly lockFile f3c62de4-express express
8 verbose lock express /Users/anonymous_wrytus/.npm/f3c62de4-express.lock
9 silly lockFile f3c62de4-express express
10 silly lockFile f3c62de4-express express
11 verbose addNamed [ 'express', '' ]
12 verbose addNamed [ null, '*' ]
13 silly lockFile 64a534c1-express express@
14 verbose lock express@ /Users/anonymous_wrytus/.npm/64a534c1-express.lock
15 silly addNameRange { name: 'express', range: '*', hasData: false }
16 verbose request where is /express
17 verbose request registry https://registry.npmjs.org/
18 verbose request id 0ec733165af39ce3
19 verbose url raw /express
20 verbose url resolving [ 'https://registry.npmjs.org/', './express' ]
21 verbose url resolved https://registry.npmjs.org/express
22 verbose request where is https://registry.npmjs.org/express
23 info trying registry request attempt 1 at 22:14:22
24 verbose etag "SZ363JBCI15OHL1K9SDDTTGQ"
25 http GET https://registry.npmjs.org/express
26 http 200 https://registry.npmjs.org/express
27 silly registry.get cb [ 200,
27 silly registry.get   { date: 'Mon, 22 Dec 2014 14:14:22 GMT',
27 silly registry.get     server: 'CouchDB/1.5.0 (Erlang OTP/R16B03)',
27 silly registry.get     etag: '"6EGIMUUWBHSQ7TPO3KRDI9CGJ"',
27 silly registry.get     'content-type': 'application/json',
27 silly registry.get     'cache-control': 'max-age=60',
27 silly registry.get     'content-length': '444614',
27 silly registry.get     'accept-ranges': 'bytes',
27 silly registry.get     via: '1.1 varnish',
27 silly registry.get     age: '42',
27 silly registry.get     'x-served-by': 'cache-ty66-TYO',
27 silly registry.get     'x-cache': 'HIT',
27 silly registry.get     'x-cache-hits': '6',
27 silly registry.get     'x-timer': 'S1419257662.447976,VS0,VE0',
27 silly registry.get     vary: 'Accept',
27 silly registry.get     'keep-alive': 'timeout=10, max=50',
27 silly registry.get     connection: 'Keep-Alive' } ]
28 silly addNameRange number 2 { name: 'express', range: '*', hasData: true }
29 silly addNameRange versions [ 'express',
29 silly addNameRange   [ '0.14.0',
29 silly addNameRange     '0.14.1',
29 silly addNameRange     '1.0.0',
29 silly addNameRange     '1.0.1',
29 silly addNameRange     '1.0.2',
29 silly addNameRange     '1.0.3',
29 silly addNameRange     '1.0.4',
29 silly addNameRange     '1.0.5',
29 silly addNameRange     '1.0.6',
29 silly addNameRange     '1.0.7',
29 silly addNameRange     '1.0.8',
29 silly addNameRange     '2.0.0',
29 silly addNameRange     '2.1.0',
29 silly addNameRange     '2.1.1',
29 silly addNameRange     '2.2.0',
29 silly addNameRange     '2.2.1',
29 silly addNameRange     '2.2.2',
29 silly addNameRange     '2.3.0',
29 silly addNameRange     '2.3.1',
29 silly addNameRange     '2.3.2',
29 silly addNameRange     '2.3.3',
29 silly addNameRange     '2.3.4',
29 silly addNameRange     '2.3.5',
29 silly addNameRange     '2.3.6',
29 silly addNameRange     '2.3.7',
29 silly addNameRange     '2.3.8',
29 silly addNameRange     '2.3.9',
29 silly addNameRange     '2.3.10',
29 silly addNameRange     '2.3.11',
29 silly addNameRange     '2.3.12',
29 silly addNameRange     '2.4.0',
29 silly addNameRange     '2.4.1',
29 silly addNameRange     '2.4.2',
29 silly addNameRange     '2.4.3',
29 silly addNameRange     '2.4.4',
29 silly addNameRange     '2.4.5',
29 silly addNameRange     '2.4.6',
29 silly addNameRange     '2.4.7',
29 silly addNameRange     '2.5.0',
29 silly addNameRange     '2.5.1',
29 silly addNameRange     '2.5.2',
29 silly addNameRange     '2.5.3',
29 silly addNameRange     '2.5.4',
29 silly addNameRange     '2.5.5',
29 silly addNameRange     '2.5.6',
29 silly addNameRange     '2.5.7',
29 silly addNameRange     '2.5.8',
29 silly addNameRange     '2.5.9',
29 silly addNameRange     '2.5.10',
29 silly addNameRange     '2.5.11',
29 silly addNameRange     '3.0.0',
29 silly addNameRange     '3.0.1',
29 silly addNameRange     '3.0.2',
29 silly addNameRange     '3.0.3',
29 silly addNameRange     '3.0.4',
29 silly addNameRange     '3.0.5',
29 silly addNameRange     '3.0.6',
29 silly addNameRange     '3.1.0',
29 silly addNameRange     '3.1.1',
29 silly addNameRange     '3.1.2',
29 silly addNameRange     '3.2.0',
29 silly addNameRange     '3.2.1',
29 silly addNameRange     '3.2.2',
29 silly addNameRange     '3.2.3',
29 silly addNameRange     '3.2.4',
29 silly addNameRange     '3.2.5',
29 silly addNameRange     '3.2.6',
29 silly addNameRange     '3.3.0',
29 silly addNameRange     '3.3.1',
29 silly addNameRange     '3.3.2',
29 silly addNameRange     '3.3.3',
29 silly addNameRange     '3.3.4',
29 silly addNameRange     '3.3.5',
29 silly addNameRange     '3.3.6',
29 silly addNameRange     '1.0.0-beta',
29 silly addNameRange     '1.0.0-beta2',
29 silly addNameRange     '1.0.0-rc',
29 silly addNameRange     '1.0.0-rc2',
29 silly addNameRange     '1.0.0-rc3',
29 silly addNameRange     '1.0.0-rc4',
29 silly addNameRange     '2.0.0-beta',
29 silly addNameRange     '2.0.0-beta2',
29 silly addNameRange     '2.0.0-beta3',
29 silly addNameRange     '2.0.0-rc',
29 silly addNameRange     '2.0.0-rc2',
29 silly addNameRange     '2.0.0-rc3',
29 silly addNameRange     '3.0.0-alpha1',
29 silly addNameRange     '3.0.0-alpha2',
29 silly addNameRange     '3.0.0-alpha3',
29 silly addNameRange     '3.0.0-alpha4',
29 silly addNameRange     '3.0.0-alpha5',
29 silly addNameRange     '3.0.0-beta1',
29 silly addNameRange     '3.0.0-beta2',
29 silly addNameRange     '3.0.0-beta3',
29 silly addNameRange     '3.0.0-beta4',
29 silly addNameRange     '3.0.0-beta6',
29 silly addNameRange     '3.0.0-beta7',
29 silly addNameRange     '3.0.0-rc1',
29 silly addNameRange     '3.0.0-rc2',
29 silly addNameRange     '3.0.0-rc3',
29 silly addNameRange     '3.0.0-rc4',
29 silly addNameRange     '3.0.0-rc5',
29 silly addNameRange     '3.3.7',
29 silly addNameRange     '3.3.8',
29 silly addNameRange     '3.4.0',
29 silly addNameRange     '3.4.1',
29 silly addNameRange     '3.4.2',
29 silly addNameRange     '3.4.3',
29 silly addNameRange     '3.4.4',
29 silly addNameRange     '3.4.5',
29 silly addNameRange     '3.4.6',
29 silly addNameRange     '3.4.7',
29 silly addNameRange     '3.4.8',
29 silly addNameRange     '4.0.0-rc1',
29 silly addNameRange     '4.0.0-rc2',
29 silly addNameRange     '3.5.0',
29 silly addNameRange     '4.0.0-rc3',
29 silly addNameRange     '4.0.0-rc4',
29 silly addNameRange     '3.5.1',
29 silly addNameRange     '4.0.0',
29 silly addNameRange     '3.5.2',
29 silly addNameRange     '4.1.0',
29 silly addNameRange     '4.1.1',
29 silly addNameRange     '3.5.3',
29 silly addNameRange     '4.1.2',
29 silly addNameRange     '3.6.0',
29 silly addNameRange     '4.2.0',
29 silly addNameRange     '3.7.0',
29 silly addNameRange     '3.8.0',
29 silly addNameRange     '4.3.0',
29 silly addNameRange     '4.3.1',
29 silly addNameRange     '3.8.1',
29 silly addNameRange     '4.3.2',
29 silly addNameRange     '3.9.0',
29 silly addNameRange     '4.4.0',
29 silly addNameRange     '4.4.1',
29 silly addNameRange     '3.10.0',
29 silly addNameRange     '3.10.1',
29 silly addNameRange     '3.10.2',
29 silly addNameRange     '3.10.3',
29 silly addNameRange     '3.10.4',
29 silly addNameRange     '4.4.2',
29 silly addNameRange     '3.10.5',
29 silly addNameRange     '4.4.3',
29 silly addNameRange     '3.11.0',
29 silly addNameRange     '4.4.4',
29 silly addNameRange     '3.12.0',
29 silly addNameRange     '3.12.1',
29 silly addNameRange     '4.4.5',
29 silly addNameRange     '3.13.0',
29 silly addNameRange     '4.5.0',
29 silly addNameRange     '4.5.1',
29 silly addNameRange     '3.14.0',
29 silly addNameRange     '4.6.0',
29 silly addNameRange     '4.6.1',
29 silly addNameRange     '3.15.0',
29 silly addNameRange     '4.7.0',
29 silly addNameRange     '3.15.1',
29 silly addNameRange     '4.7.1',
29 silly addNameRange     '3.15.2',
29 silly addNameRange     '4.7.2',
29 silly addNameRange     '4.7.3',
29 silly addNameRange     '3.15.3',
29 silly addNameRange     '4.7.4',
29 silly addNameRange     '3.16.0',
29 silly addNameRange     '4.8.0',
29 silly addNameRange     '3.16.1',
29 silly addNameRange     '4.8.1',
29 silly addNameRange     '3.16.2',
29 silly addNameRange     '4.8.2',
29 silly addNameRange     '3.16.3',
29 silly addNameRange     '3.16.4',
29 silly addNameRange     '4.8.3',
29 silly addNameRange     '3.16.5',
29 silly addNameRange     '3.16.6',
29 silly addNameRange     '4.8.4',
29 silly addNameRange     '3.16.7',
29 silly addNameRange     '4.8.5',
29 silly addNameRange     '3.16.8',
29 silly addNameRange     '4.8.6',
29 silly addNameRange     '3.16.9',
29 silly addNameRange     '4.8.7',
29 silly addNameRange     '3.16.10',
29 silly addNameRange     '4.8.8',
29 silly addNameRange     '3.17.0',
29 silly addNameRange     '3.17.1',
29 silly addNameRange     '4.9.0',
29 silly addNameRange     '3.17.2',
29 silly addNameRange     '4.9.1',
29 silly addNameRange     '4.9.2',
29 silly addNameRange     '3.17.3',
29 silly addNameRange     '4.9.3',
29 silly addNameRange     '3.17.4',
29 silly addNameRange     '4.9.4',
29 silly addNameRange     '3.17.5',
29 silly addNameRange     '4.9.5',
29 silly addNameRange     '3.17.6',
29 silly addNameRange     '3.17.7',
29 silly addNameRange     '4.9.6',
29 silly addNameRange     '4.9.7',
29 silly addNameRange     '3.17.8',
29 silly addNameRange     '4.9.8',
29 silly addNameRange     '3.18.0',
29 silly addNameRange     '3.18.1',
29 silly addNameRange     '4.10.0',
29 silly addNameRange     '3.18.2',
29 silly addNameRange     '4.10.1',
29 silly addNameRange     '5.0.0-alpha.1',
29 silly addNameRange     '3.18.3',
29 silly addNameRange     '4.10.2',
29 silly addNameRange     '3.18.4',
29 silly addNameRange     '4.10.3',
29 silly addNameRange     '4.10.4',
29 silly addNameRange     '4.10.5',
29 silly addNameRange     '3.18.5',
29 silly addNameRange     '3.18.6',
29 silly addNameRange     '4.10.6' ] ]
30 verbose addNamed [ 'express', '4.10.6' ]
31 verbose addNamed [ '4.10.6', '4.10.6' ]
32 silly lockFile e8f8e85c-express-4-10-6 express@4.10.6
33 verbose lock express@4.10.6 /Users/anonymous_wrytus/.npm/e8f8e85c-express-4-10-6.lock
34 silly lockFile e8f8e85c-express-4-10-6 express@4.10.6
35 silly lockFile e8f8e85c-express-4-10-6 express@4.10.6
36 silly lockFile 64a534c1-express express@
37 silly lockFile 64a534c1-express express@
38 silly resolved [ { name: 'express',
38 silly resolved     description: 'Fast, unopinionated, minimalist web framework',
38 silly resolved     version: '4.10.6',
38 silly resolved     author: { name: 'TJ Holowaychuk', email: 'tj@vision-media.ca' },
38 silly resolved     contributors:
38 silly resolved      [ [Object],
38 silly resolved        [Object],
38 silly resolved        [Object],
38 silly resolved        [Object],
38 silly resolved        [Object],
38 silly resolved        [Object],
38 silly resolved        [Object] ],
38 silly resolved     license: 'MIT',
38 silly resolved     repository: { type: 'git', url: 'https://github.com/strongloop/express' },
38 silly resolved     homepage: 'http://expressjs.com/',
38 silly resolved     keywords:
38 silly resolved      [ 'express',
38 silly resolved        'framework',
38 silly resolved        'sinatra',
38 silly resolved        'web',
38 silly resolved        'rest',
38 silly resolved        'restful',
38 silly resolved        'router',
38 silly resolved        'app',
38 silly resolved        'api' ],
38 silly resolved     dependencies:
38 silly resolved      { accepts: '~1.1.4',
38 silly resolved        'content-disposition': '0.5.0',
38 silly resolved        'cookie-signature': '1.0.5',
38 silly resolved        debug: '~2.1.0',
38 silly resolved        depd: '~1.0.0',
38 silly resolved        'escape-html': '1.0.1',
38 silly resolved        etag: '~1.5.1',
38 silly resolved        finalhandler: '0.3.2',
38 silly resolved        fresh: '0.2.4',
38 silly resolved        'media-typer': '0.3.0',
38 silly resolved        methods: '1.1.0',
38 silly resolved        'on-finished': '~2.1.1',
38 silly resolved        parseurl: '~1.3.0',
38 silly resolved        'path-to-regexp': '0.1.3',
38 silly resolved        'proxy-addr': '~1.0.4',
38 silly resolved        qs: '2.3.3',
38 silly resolved        'range-parser': '~1.0.2',
38 silly resolved        send: '0.10.1',
38 silly resolved        'serve-static': '~1.7.1',
38 silly resolved        'type-is': '~1.5.4',
38 silly resolved        vary: '~1.0.0',
38 silly resolved        cookie: '0.1.2',
38 silly resolved        'merge-descriptors': '0.0.2',
38 silly resolved        'utils-merge': '1.0.0' },
38 silly resolved     devDependencies:
38 silly resolved      { after: '0.8.1',
38 silly resolved        istanbul: '0.3.5',
38 silly resolved        mocha: '~2.0.0',
38 silly resolved        should: '~4.3.1',
38 silly resolved        supertest: '~0.15.0',
38 silly resolved        ejs: '~1.0.0',
38 silly resolved        marked: '0.3.2',
38 silly resolved        hjs: '~0.0.6',
38 silly resolved        'body-parser': '~1.9.3',
38 silly resolved        'connect-redis': '~2.1.0',
38 silly resolved        'cookie-parser': '~1.3.3',
38 silly resolved        'express-session': '~1.9.2',
38 silly resolved        jade: '~1.7.0',
38 silly resolved        'method-override': '~2.3.0',
38 silly resolved        morgan: '~1.5.0',
38 silly resolved        multiparty: '~4.0.0',
38 silly resolved        vhost: '~3.0.0' },
38 silly resolved     engines: { node: '>= 0.10.0' },
38 silly resolved     files: [ 'LICENSE', 'History.md', 'Readme.md', 'index.js', 'lib/' ],
38 silly resolved     scripts:
38 silly resolved      { test: 'mocha --require test/support/env --reporter spec --bail --check-leaks test/ test/acceptance/',
38 silly resolved        'test-cov': 'istanbul cover node_modules/mocha/bin/_mocha -- --require test/support/env --reporter dot --check-leaks test/ test/acceptance/',
38 silly resolved        'test-tap': 'mocha --require test/support/env --reporter tap --check-leaks test/ test/acceptance/',
38 silly resolved        'test-travis': 'istanbul cover node_modules/mocha/bin/_mocha --report lcovonly -- --require test/support/env --reporter spec --check-leaks test/ test/acceptance/' },
38 silly resolved     gitHead: 'b78bd3d1fd6caf8228a1875078fecce936cb2e46',
38 silly resolved     bugs: { url: 'https://github.com/strongloop/express/issues' },
38 silly resolved     _id: 'express@4.10.6',
38 silly resolved     _shasum: 'a9015979ccf38b11a39c0f726dcf6c4b85a4e758',
38 silly resolved     _from: 'express@',
38 silly resolved     _npmVersion: '1.4.21',
38 silly resolved     _npmUser: { name: 'dougwilson', email: 'doug@somethingdoug.com' },
38 silly resolved     maintainers:
38 silly resolved      [ [Object],
38 silly resolved        [Object],
38 silly resolved        [Object],
38 silly resolved        [Object],
38 silly resolved        [Object],
38 silly resolved        [Object],
38 silly resolved        [Object] ],
38 silly resolved     dist:
38 silly resolved      { shasum: 'a9015979ccf38b11a39c0f726dcf6c4b85a4e758',
38 silly resolved        tarball: 'http://registry.npmjs.org/express/-/express-4.10.6.tgz' },
38 silly resolved     directories: {},
38 silly resolved     _resolved: 'https://registry.npmjs.org/express/-/express-4.10.6.tgz',
38 silly resolved     readme: 'ERROR: No README data found!' } ]
39 info install express@4.10.6 into /usr/local/lib
40 info installOne express@4.10.6
41 verbose lib/node_modules/express unbuild
42 verbose tar unpack /Users/anonymous_wrytus/.npm/express/4.10.6/package.tgz
43 silly lockFile 365ba7ad-r-local-lib-node-modules-express tar:///usr/local/lib/node_modules/express
44 verbose lock tar:///usr/local/lib/node_modules/express /Users/anonymous_wrytus/.npm/365ba7ad-r-local-lib-node-modules-express.lock
45 silly lockFile 4a0e4976-s-npm-express-4-10-6-package-tgz tar:///Users/anonymous_wrytus/.npm/express/4.10.6/package.tgz
46 verbose lock tar:///Users/anonymous_wrytus/.npm/express/4.10.6/package.tgz /Users/anonymous_wrytus/.npm/4a0e4976-s-npm-express-4-10-6-package-tgz.lock
47 silly gunzTarPerm modes [ '755', '644' ]
48 error Error: EACCES, mkdir '/usr/local/lib/node_modules/express'
48 error  { [Error: EACCES, mkdir '/usr/local/lib/node_modules/express']
48 error   errno: 3,
48 error   code: 'EACCES',
48 error   path: '/usr/local/lib/node_modules/express',
48 error   fstream_type: 'Directory',
48 error   fstream_path: '/usr/local/lib/node_modules/express',
48 error   fstream_class: 'DirWriter',
48 error   fstream_stack:
48 error    [ '/usr/local/lib/node_modules/npm/node_modules/fstream/lib/dir-writer.js:36:23',
48 error      '/usr/local/lib/node_modules/npm/node_modules/mkdirp/index.js:46:53',
48 error      'Object.oncomplete (fs.js:107:15)' ] }
49 error Please try running this command again as root/Administrator.
50 error System Darwin 14.0.0
51 error command "node" "/usr/local/bin/npm" "install" "-g" "express"
52 error cwd /Users/anonymous_wrytus/Desktop/official-website
53 error node -v v0.10.33
54 error npm -v 1.4.28
55 error path /usr/local/lib/node_modules/express
56 error fstream_path /usr/local/lib/node_modules/express
57 error fstream_type Directory
58 error fstream_class DirWriter
59 error code EACCES
60 error errno 3
61 error stack Error: EACCES, mkdir '/usr/local/lib/node_modules/express'
62 error fstream_stack /usr/local/lib/node_modules/npm/node_modules/fstream/lib/dir-writer.js:36:23
62 error fstream_stack /usr/local/lib/node_modules/npm/node_modules/mkdirp/index.js:46:53
62 error fstream_stack Object.oncomplete (fs.js:107:15)
63 verbose exit [ 3, true ]
